<?xml version="1.0" encoding="UTF-8"?>
<!-- Generated by org.testng.reporters.JUnitXMLReporter -->
<testsuite hostname="Sonalis-MBP" name="Car Loan" tests="6" failures="0" timestamp="20 Jan 2022 19:30:19 GMT" time="0.041" errors="0">
  <testcase name="WebloginCarloan" time="0.005" classname="Test.day3"/>
  <testcase name="MbileCarloan" time="0.009" classname="Test.day3"/>
  <testcase name="SignIn" time="0.001" classname="Test.day3"/>
  <testcase name="SignIn" time="0.0" classname="Test.day3"/>
  <testcase name="SignIn" time="0.001" classname="Test.day3"/>
  <testcase name="LoginAPIcarloan" time="0.001" classname="Test.day3"/>
</testsuite> <!-- Car Loan -->
