<?xml version="1.0" encoding="UTF-8"?>
<!-- Generated by org.testng.reporters.JUnitXMLReporter -->
<testsuite hostname="Sonalis-MBP" name="Home Loan" tests="4" failures="0" timestamp="20 Jan 2022 19:30:19 GMT" time="0.032" errors="0">
  <testcase name="Demo" time="0.005" classname="Test.day1"/>
  <testcase name="Demo1" time="0.001" classname="Test.day1"/>
  <testcase name="FTest" time="0.002" classname="Test.day2"/>
  <testcase name="WebloginHomeloan" time="0.001" classname="Test.day4"/>
</testsuite> <!-- Home Loan -->
